<?xml version="1.0" encoding="UTF-8"?>
<testng-results ignored="0" total="1" passed="1" failed="0" skipped="0">
  <reporter-output>
    <line>
      <![CDATA[database connected]]>
    </line>
    <line>
      <![CDATA[browser launched]]>
    </line>
    <line>
      <![CDATA[logged in to actitime]]>
    </line>
    <line>
      <![CDATA[logged out successfully]]>
    </line>
    <line>
      <![CDATA[Browser closed]]>
    </line>
    <line>
      <![CDATA[database disconnected]]>
    </line>
  </reporter-output>
  <suite started-at="2023-06-05T09:55:46 IST" name="Default suite" finished-at="2023-06-05T09:56:10 IST" duration-ms="23855">
    <groups>
    </groups>
    <test started-at="2023-06-05T09:55:46 IST" name="Default test" finished-at="2023-06-05T09:56:10 IST" duration-ms="23855">
      <class name="com.Actitime.Testscripts.CreateCustomer">
        <test-method is-config="true" signature="databaseconnection()[pri:0, instance:com.Actitime.Testscripts.CreateCustomer@7fee8714]" started-at="2023-06-05T09:55:46 IST" name="databaseconnection" finished-at="2023-06-05T09:55:46 IST" duration-ms="14" status="PASS">
          <reporter-output>
            <line>
              <![CDATA[database connected]]>
            </line>
          </reporter-output>
        </test-method> <!-- databaseconnection -->
        <test-method is-config="true" signature="launchBrowser()[pri:0, instance:com.Actitime.Testscripts.CreateCustomer@7fee8714]" started-at="2023-06-05T09:55:47 IST" name="launchBrowser" finished-at="2023-06-05T09:56:00 IST" duration-ms="13707" status="PASS">
          <reporter-output>
            <line>
              <![CDATA[browser launched]]>
            </line>
          </reporter-output>
        </test-method> <!-- launchBrowser -->
        <test-method is-config="true" signature="login()[pri:0, instance:com.Actitime.Testscripts.CreateCustomer@7fee8714]" started-at="2023-06-05T09:56:00 IST" name="login" finished-at="2023-06-05T09:56:01 IST" duration-ms="491" status="PASS">
          <reporter-output>
            <line>
              <![CDATA[logged in to actitime]]>
            </line>
          </reporter-output>
        </test-method> <!-- login -->
        <test-method signature="createcustomer()[pri:0, instance:com.Actitime.Testscripts.CreateCustomer@7fee8714]" started-at="2023-06-05T09:56:01 IST" name="createcustomer" finished-at="2023-06-05T09:56:08 IST" duration-ms="7536" status="PASS">
          <reporter-output>
          </reporter-output>
        </test-method> <!-- createcustomer -->
        <test-method is-config="true" signature="logout()[pri:0, instance:com.Actitime.Testscripts.CreateCustomer@7fee8714]" started-at="2023-06-05T09:56:08 IST" name="logout" finished-at="2023-06-05T09:56:10 IST" duration-ms="1939" status="PASS">
          <reporter-output>
            <line>
              <![CDATA[logged out successfully]]>
            </line>
          </reporter-output>
        </test-method> <!-- logout -->
        <test-method is-config="true" signature="closeBrowser()[pri:0, instance:com.Actitime.Testscripts.CreateCustomer@7fee8714]" started-at="2023-06-05T09:56:10 IST" name="closeBrowser" finished-at="2023-06-05T09:56:10 IST" duration-ms="124" status="PASS">
          <reporter-output>
            <line>
              <![CDATA[Browser closed]]>
            </line>
          </reporter-output>
        </test-method> <!-- closeBrowser -->
        <test-method is-config="true" signature="databasedisconnection()[pri:0, instance:com.Actitime.Testscripts.CreateCustomer@7fee8714]" started-at="2023-06-05T09:56:10 IST" name="databasedisconnection" finished-at="2023-06-05T09:56:10 IST" duration-ms="0" status="PASS">
          <reporter-output>
            <line>
              <![CDATA[database disconnected]]>
            </line>
          </reporter-output>
        </test-method> <!-- databasedisconnection -->
      </class> <!-- com.Actitime.Testscripts.CreateCustomer -->
    </test> <!-- Default test -->
  </suite> <!-- Default suite -->
</testng-results>
